[     136ms] [INFO] %cDownload the React DevTools for a better development experience: https://react.dev/link/react-devtools font-weight:bold @ http://localhost:5177/node_modules/.vite/deps/react-dom_client.js?v=b5f24f2b:19834
[     397ms] [LOG] Firebase Cloud Firestore & Auth initialized successfully! @ http://localhost:5177/src/shared/storage/firebase.ts:27
[   96684ms] [LOG] [vite] server connection lost. Polling for restart... @ http://localhost:5177/@vite/client:963
[   99033ms] [ERROR] WebSocket connection to 'ws://localhost:5177/' failed: Error in connection establishment: net::ERR_CONNECTION_REFUSED @ http://localhost:5177/@vite/client:1034
[  102387ms] [ERROR] WebSocket connection to 'ws://localhost:5177/' failed: Error in connection establishment: net::ERR_CONNECTION_REFUSED @ http://localhost:5177/@vite/client:1034
[  105746ms] [ERROR] WebSocket connection to 'ws://localhost:5177/' failed: Error in connection establishment: net::ERR_CONNECTION_REFUSED @ http://localhost:5177/@vite/client:1034
[  109094ms] [ERROR] WebSocket connection to 'ws://localhost:5177/' failed: Error in connection establishment: net::ERR_CONNECTION_REFUSED @ http://localhost:5177/@vite/client:1034
[  112437ms] [ERROR] WebSocket connection to 'ws://localhost:5177/' failed: Error in connection establishment: net::ERR_CONNECTION_REFUSED @ http://localhost:5177/@vite/client:1034
[  115792ms] [ERROR] WebSocket connection to 'ws://localhost:5177/' failed: Error in connection establishment: net::ERR_CONNECTION_REFUSED @ http://localhost:5177/@vite/client:1034
[  119145ms] [ERROR] WebSocket connection to 'ws://localhost:5177/' failed: Error in connection establishment: net::ERR_CONNECTION_REFUSED @ http://localhost:5177/@vite/client:1034
[  122486ms] [ERROR] WebSocket connection to 'ws://localhost:5177/' failed: Error in connection establishment: net::ERR_CONNECTION_REFUSED @ http://localhost:5177/@vite/client:1034
[  125820ms] [ERROR] WebSocket connection to 'ws://localhost:5177/' failed: Error in connection establishment: net::ERR_CONNECTION_REFUSED @ http://localhost:5177/@vite/client:1034
[  129174ms] [ERROR] WebSocket connection to 'ws://localhost:5177/' failed: Error in connection establishment: net::ERR_CONNECTION_REFUSED @ http://localhost:5177/@vite/client:1034
[  132535ms] [ERROR] WebSocket connection to 'ws://localhost:5177/' failed: Error in connection establishment: net::ERR_CONNECTION_REFUSED @ http://localhost:5177/@vite/client:1034
[  135896ms] [ERROR] WebSocket connection to 'ws://localhost:5177/' failed: Error in connection establishment: net::ERR_CONNECTION_REFUSED @ http://localhost:5177/@vite/client:1034
[  139261ms] [ERROR] WebSocket connection to 'ws://localhost:5177/' failed: Error in connection establishment: net::ERR_CONNECTION_REFUSED @ http://localhost:5177/@vite/client:1034
[  142615ms] [ERROR] WebSocket connection to 'ws://localhost:5177/' failed: Error in connection establishment: net::ERR_CONNECTION_REFUSED @ http://localhost:5177/@vite/client:1034
[  145969ms] [ERROR] WebSocket connection to 'ws://localhost:5177/' failed: Error in connection establishment: net::ERR_CONNECTION_REFUSED @ http://localhost:5177/@vite/client:1034
[  149329ms] [ERROR] WebSocket connection to 'ws://localhost:5177/' failed: Error in connection establishment: net::ERR_CONNECTION_REFUSED @ http://localhost:5177/@vite/client:1034
[  152689ms] [ERROR] WebSocket connection to 'ws://localhost:5177/' failed: Error in connection establishment: net::ERR_CONNECTION_REFUSED @ http://localhost:5177/@vite/client:1034
[  156066ms] [ERROR] WebSocket connection to 'ws://localhost:5177/' failed: Error in connection establishment: net::ERR_CONNECTION_REFUSED @ http://localhost:5177/@vite/client:1034
[  159461ms] [ERROR] WebSocket connection to 'ws://localhost:5177/' failed: Error in connection establishment: net::ERR_CONNECTION_REFUSED @ http://localhost:5177/@vite/client:1034
[  162864ms] [ERROR] WebSocket connection to 'ws://localhost:5177/' failed: Error in connection establishment: net::ERR_CONNECTION_REFUSED @ http://localhost:5177/@vite/client:1034
[  166303ms] [ERROR] WebSocket connection to 'ws://localhost:5177/' failed: Error in connection establishment: net::ERR_CONNECTION_REFUSED @ http://localhost:5177/@vite/client:1034
[  169729ms] [ERROR] WebSocket connection to 'ws://localhost:5177/' failed: Error in connection establishment: net::ERR_CONNECTION_REFUSED @ http://localhost:5177/@vite/client:1034
[  173205ms] [ERROR] WebSocket connection to 'ws://localhost:5177/' failed: Error in connection establishment: net::ERR_CONNECTION_REFUSED @ http://localhost:5177/@vite/client:1034
[  176707ms] [ERROR] WebSocket connection to 'ws://localhost:5177/' failed: Error in connection establishment: net::ERR_CONNECTION_REFUSED @ http://localhost:5177/@vite/client:1034
[  180321ms] [ERROR] WebSocket connection to 'ws://localhost:5177/' failed: Error in connection establishment: net::ERR_CONNECTION_REFUSED @ http://localhost:5177/@vite/client:1034
[  183870ms] [ERROR] WebSocket connection to 'ws://localhost:5177/' failed: Error in connection establishment: net::ERR_CONNECTION_REFUSED @ http://localhost:5177/@vite/client:1034
[  187633ms] [ERROR] WebSocket connection to 'ws://localhost:5177/' failed: Error in connection establishment: net::ERR_CONNECTION_REFUSED @ http://localhost:5177/@vite/client:1034
[  191243ms] [ERROR] WebSocket connection to 'ws://localhost:5177/' failed: Error in connection establishment: net::ERR_CONNECTION_REFUSED @ http://localhost:5177/@vite/client:1034
[  195677ms] [ERROR] WebSocket connection to 'ws://localhost:5177/' failed: Error in connection establishment: net::ERR_CONNECTION_REFUSED @ http://localhost:5177/@vite/client:1034
[  199946ms] [ERROR] WebSocket connection to 'ws://localhost:5177/' failed: Error in connection establishment: net::ERR_CONNECTION_REFUSED @ http://localhost:5177/@vite/client:1034
[  205795ms] [ERROR] WebSocket connection to 'ws://localhost:5177/' failed: Error in connection establishment: net::ERR_CONNECTION_REFUSED @ http://localhost:5177/@vite/client:1034
[  210729ms] [ERROR] WebSocket connection to 'ws://localhost:5177/' failed: Error in connection establishment: net::ERR_CONNECTION_REFUSED @ http://localhost:5177/@vite/client:1034
[  216166ms] [ERROR] WebSocket connection to 'ws://localhost:5177/' failed: Error in connection establishment: net::ERR_CONNECTION_REFUSED @ http://localhost:5177/@vite/client:1034
[  223007ms] [ERROR] WebSocket connection to 'ws://localhost:5177/' failed: Error in connection establishment: net::ERR_CONNECTION_REFUSED @ http://localhost:5177/@vite/client:1034
[  229653ms] [ERROR] WebSocket connection to 'ws://localhost:5177/' failed: Error in connection establishment: net::ERR_CONNECTION_REFUSED @ http://localhost:5177/@vite/client:1034
[  236188ms] [ERROR] WebSocket connection to 'ws://localhost:5177/' failed: Error in connection establishment: net::ERR_CONNECTION_REFUSED @ http://localhost:5177/@vite/client:1034
[  241268ms] [ERROR] WebSocket connection to 'ws://localhost:5177/' failed: Error in connection establishment: net::ERR_CONNECTION_REFUSED @ http://localhost:5177/@vite/client:1034
[  248286ms] [ERROR] WebSocket connection to 'ws://localhost:5177/' failed: Error in connection establishment: net::ERR_CONNECTION_REFUSED @ http://localhost:5177/@vite/client:1034
[  254006ms] [ERROR] WebSocket connection to 'ws://localhost:5177/' failed: Error in connection establishment: net::ERR_CONNECTION_REFUSED @ http://localhost:5177/@vite/client:1034
[  261391ms] [ERROR] WebSocket connection to 'ws://localhost:5177/' failed: Error in connection establishment: net::ERR_CONNECTION_REFUSED @ http://localhost:5177/@vite/client:1034
[  266924ms] [ERROR] WebSocket connection to 'ws://localhost:5177/' failed: Error in connection establishment: net::ERR_CONNECTION_REFUSED @ http://localhost:5177/@vite/client:1034
[  274658ms] [ERROR] WebSocket connection to 'ws://localhost:5177/' failed: Error in connection establishment: net::ERR_CONNECTION_REFUSED @ http://localhost:5177/@vite/client:1034
[  279248ms] [ERROR] WebSocket connection to 'ws://localhost:5177/' failed: Error in connection establishment: net::ERR_CONNECTION_REFUSED @ http://localhost:5177/@vite/client:1034
[  284526ms] [ERROR] WebSocket connection to 'ws://localhost:5177/' failed: Error in connection establishment: net::ERR_CONNECTION_REFUSED @ http://localhost:5177/@vite/client:1034
[  290633ms] [ERROR] WebSocket connection to 'ws://localhost:5177/' failed: Error in connection establishment: net::ERR_CONNECTION_REFUSED @ http://localhost:5177/@vite/client:1034
[  298363ms] [ERROR] WebSocket connection to 'ws://localhost:5177/' failed: Error in connection establishment: net::ERR_CONNECTION_REFUSED @ http://localhost:5177/@vite/client:1034
[  304087ms] [ERROR] WebSocket connection to 'ws://localhost:5177/' failed: Error in connection establishment: net::ERR_CONNECTION_REFUSED @ http://localhost:5177/@vite/client:1034
[  309908ms] [ERROR] WebSocket connection to 'ws://localhost:5177/' failed: Error in connection establishment: net::ERR_CONNECTION_REFUSED @ http://localhost:5177/@vite/client:1034
[  315872ms] [ERROR] WebSocket connection to 'ws://localhost:5177/' failed: Error in connection establishment: net::ERR_CONNECTION_REFUSED @ http://localhost:5177/@vite/client:1034
[  322623ms] [ERROR] WebSocket connection to 'ws://localhost:5177/' failed: Error in connection establishment: net::ERR_CONNECTION_REFUSED @ http://localhost:5177/@vite/client:1034
[  327758ms] [ERROR] WebSocket connection to 'ws://localhost:5177/' failed: Error in connection establishment: net::ERR_CONNECTION_REFUSED @ http://localhost:5177/@vite/client:1034
[  333978ms] [ERROR] WebSocket connection to 'ws://localhost:5177/' failed: Error in connection establishment: net::ERR_CONNECTION_REFUSED @ http://localhost:5177/@vite/client:1034
[  338435ms] [ERROR] WebSocket connection to 'ws://localhost:5177/' failed: Error in connection establishment: net::ERR_CONNECTION_REFUSED @ http://localhost:5177/@vite/client:1034
[  343069ms] [ERROR] WebSocket connection to 'ws://localhost:5177/' failed: Error in connection establishment: net::ERR_CONNECTION_REFUSED @ http://localhost:5177/@vite/client:1034
[  348766ms] [ERROR] WebSocket connection to 'ws://localhost:5177/' failed: Error in connection establishment: net::ERR_CONNECTION_REFUSED @ http://localhost:5177/@vite/client:1034
[  354271ms] [ERROR] WebSocket connection to 'ws://localhost:5177/' failed: Error in connection establishment: net::ERR_CONNECTION_REFUSED @ http://localhost:5177/@vite/client:1034
[  360527ms] [ERROR] WebSocket connection to 'ws://localhost:5177/' failed: Error in connection establishment: net::ERR_CONNECTION_REFUSED @ http://localhost:5177/@vite/client:1034
[  366728ms] [ERROR] WebSocket connection to 'ws://localhost:5177/' failed: Error in connection establishment: net::ERR_CONNECTION_REFUSED @ http://localhost:5177/@vite/client:1034
[  372102ms] [ERROR] WebSocket connection to 'ws://localhost:5177/' failed: Error in connection establishment: net::ERR_CONNECTION_REFUSED @ http://localhost:5177/@vite/client:1034
[  380030ms] [ERROR] WebSocket connection to 'ws://localhost:5177/' failed: Error in connection establishment: net::ERR_CONNECTION_REFUSED @ http://localhost:5177/@vite/client:1034
[  388265ms] [ERROR] WebSocket connection to 'ws://localhost:5177/' failed: Error in connection establishment: net::ERR_CONNECTION_REFUSED @ http://localhost:5177/@vite/client:1034
[  395561ms] [ERROR] WebSocket connection to 'ws://localhost:5177/' failed: Error in connection establishment: net::ERR_CONNECTION_REFUSED @ http://localhost:5177/@vite/client:1034
[  401801ms] [ERROR] WebSocket connection to 'ws://localhost:5177/' failed: Error in connection establishment: net::ERR_CONNECTION_REFUSED @ http://localhost:5177/@vite/client:1034
[  409892ms] [ERROR] WebSocket connection to 'ws://localhost:5177/' failed: Error in connection establishment: net::ERR_CONNECTION_REFUSED @ http://localhost:5177/@vite/client:1034
[  417354ms] [ERROR] WebSocket connection to 'ws://localhost:5177/' failed: Error in connection establishment: net::ERR_CONNECTION_REFUSED @ http://localhost:5177/@vite/client:1034
[  424131ms] [ERROR] WebSocket connection to 'ws://localhost:5177/' failed: Error in connection establishment: net::ERR_CONNECTION_REFUSED @ http://localhost:5177/@vite/client:1034
[  430760ms] [ERROR] WebSocket connection to 'ws://localhost:5177/' failed: Error in connection establishment: net::ERR_CONNECTION_REFUSED @ http://localhost:5177/@vite/client:1034
[  438852ms] [ERROR] WebSocket connection to 'ws://localhost:5177/' failed: Error in connection establishment: net::ERR_CONNECTION_REFUSED @ http://localhost:5177/@vite/client:1034
[  445970ms] [ERROR] WebSocket connection to 'ws://localhost:5177/' failed: Error in connection establishment: net::ERR_CONNECTION_REFUSED @ http://localhost:5177/@vite/client:1034
[  452016ms] [ERROR] WebSocket connection to 'ws://localhost:5177/' failed: Error in connection establishment: net::ERR_CONNECTION_REFUSED @ http://localhost:5177/@vite/client:1034
[  458758ms] [ERROR] WebSocket connection to 'ws://localhost:5177/' failed: Error in connection establishment: net::ERR_CONNECTION_REFUSED @ http://localhost:5177/@vite/client:1034
[  464691ms] [ERROR] WebSocket connection to 'ws://localhost:5177/' failed: Error in connection establishment: net::ERR_CONNECTION_REFUSED @ http://localhost:5177/@vite/client:1034
[  472623ms] [ERROR] WebSocket connection to 'ws://localhost:5177/' failed: Error in connection establishment: net::ERR_CONNECTION_REFUSED @ http://localhost:5177/@vite/client:1034
[  479183ms] [ERROR] WebSocket connection to 'ws://localhost:5177/' failed: Error in connection establishment: net::ERR_CONNECTION_REFUSED @ http://localhost:5177/@vite/client:1034
[  482536ms] [ERROR] WebSocket connection to 'ws://localhost:5177/' failed: Error in connection establishment: net::ERR_CONNECTION_REFUSED @ http://localhost:5177/@vite/client:1034
[  485915ms] [ERROR] WebSocket connection to 'ws://localhost:5177/' failed: Error in connection establishment: net::ERR_CONNECTION_REFUSED @ http://localhost:5177/@vite/client:1034
[  489280ms] [ERROR] WebSocket connection to 'ws://localhost:5177/' failed: Error in connection establishment: net::ERR_CONNECTION_REFUSED @ http://localhost:5177/@vite/client:1034
[  492615ms] [ERROR] WebSocket connection to 'ws://localhost:5177/' failed: Error in connection establishment: net::ERR_CONNECTION_REFUSED @ http://localhost:5177/@vite/client:1034
[  495964ms] [ERROR] WebSocket connection to 'ws://localhost:5177/' failed: Error in connection establishment: net::ERR_CONNECTION_REFUSED @ http://localhost:5177/@vite/client:1034
[  499309ms] [ERROR] WebSocket connection to 'ws://localhost:5177/' failed: Error in connection establishment: net::ERR_CONNECTION_REFUSED @ http://localhost:5177/@vite/client:1034
[  502656ms] [ERROR] WebSocket connection to 'ws://localhost:5177/' failed: Error in connection establishment: net::ERR_CONNECTION_REFUSED @ http://localhost:5177/@vite/client:1034
[  506051ms] [ERROR] WebSocket connection to 'ws://localhost:5177/' failed: Error in connection establishment: net::ERR_CONNECTION_REFUSED @ http://localhost:5177/@vite/client:1034
[  509412ms] [ERROR] WebSocket connection to 'ws://localhost:5177/' failed: Error in connection establishment: net::ERR_CONNECTION_REFUSED @ http://localhost:5177/@vite/client:1034
[  512813ms] [ERROR] WebSocket connection to 'ws://localhost:5177/' failed: Error in connection establishment: net::ERR_CONNECTION_REFUSED @ http://localhost:5177/@vite/client:1034
[  516282ms] [ERROR] WebSocket connection to 'ws://localhost:5177/' failed: Error in connection establishment: net::ERR_CONNECTION_REFUSED @ http://localhost:5177/@vite/client:1034
[  519686ms] [ERROR] WebSocket connection to 'ws://localhost:5177/' failed: Error in connection establishment: net::ERR_CONNECTION_REFUSED @ http://localhost:5177/@vite/client:1034
[  523275ms] [ERROR] WebSocket connection to 'ws://localhost:5177/' failed: Error in connection establishment: net::ERR_CONNECTION_REFUSED @ http://localhost:5177/@vite/client:1034
[  527166ms] [ERROR] WebSocket connection to 'ws://localhost:5177/' failed: Error in connection establishment: net::ERR_CONNECTION_REFUSED @ http://localhost:5177/@vite/client:1034
[  531630ms] [ERROR] WebSocket connection to 'ws://localhost:5177/' failed: Error in connection establishment: net::ERR_CONNECTION_REFUSED @ http://localhost:5177/@vite/client:1034
[  536500ms] [ERROR] WebSocket connection to 'ws://localhost:5177/' failed: Error in connection establishment: net::ERR_CONNECTION_REFUSED @ http://localhost:5177/@vite/client:1034
[  543346ms] [ERROR] WebSocket connection to 'ws://localhost:5177/' failed: Error in connection establishment: net::ERR_CONNECTION_REFUSED @ http://localhost:5177/@vite/client:1034
[  550648ms] [ERROR] WebSocket connection to 'ws://localhost:5177/' failed: Error in connection establishment: net::ERR_CONNECTION_REFUSED @ http://localhost:5177/@vite/client:1034
[  557775ms] [ERROR] WebSocket connection to 'ws://localhost:5177/' failed: Error in connection establishment: net::ERR_CONNECTION_REFUSED @ http://localhost:5177/@vite/client:1034
[  563628ms] [ERROR] WebSocket connection to 'ws://localhost:5177/' failed: Error in connection establishment: net::ERR_CONNECTION_REFUSED @ http://localhost:5177/@vite/client:1034
[  568729ms] [ERROR] WebSocket connection to 'ws://localhost:5177/' failed: Error in connection establishment: net::ERR_CONNECTION_REFUSED @ http://localhost:5177/@vite/client:1034
[  575025ms] [ERROR] WebSocket connection to 'ws://localhost:5177/' failed: Error in connection establishment: net::ERR_CONNECTION_REFUSED @ http://localhost:5177/@vite/client:1034
[  582831ms] [ERROR] WebSocket connection to 'ws://localhost:5177/' failed: Error in connection establishment: net::ERR_CONNECTION_REFUSED @ http://localhost:5177/@vite/client:1034
[  590616ms] [ERROR] WebSocket connection to 'ws://localhost:5177/' failed: Error in connection establishment: net::ERR_CONNECTION_REFUSED @ http://localhost:5177/@vite/client:1034
[  597522ms] [ERROR] WebSocket connection to 'ws://localhost:5177/' failed: Error in connection establishment: net::ERR_CONNECTION_REFUSED @ http://localhost:5177/@vite/client:1034
[  602961ms] [ERROR] WebSocket connection to 'ws://localhost:5177/' failed: Error in connection establishment: net::ERR_CONNECTION_REFUSED @ http://localhost:5177/@vite/client:1034
[  611232ms] [ERROR] WebSocket connection to 'ws://localhost:5177/' failed: Error in connection establishment: net::ERR_CONNECTION_REFUSED @ http://localhost:5177/@vite/client:1034
[  618002ms] [ERROR] WebSocket connection to 'ws://localhost:5177/' failed: Error in connection establishment: net::ERR_CONNECTION_REFUSED @ http://localhost:5177/@vite/client:1034
[  625015ms] [ERROR] WebSocket connection to 'ws://localhost:5177/' failed: Error in connection establishment: net::ERR_CONNECTION_REFUSED @ http://localhost:5177/@vite/client:1034
[  630080ms] [ERROR] WebSocket connection to 'ws://localhost:5177/' failed: Error in connection establishment: net::ERR_CONNECTION_REFUSED @ http://localhost:5177/@vite/client:1034
[  634910ms] [ERROR] WebSocket connection to 'ws://localhost:5177/' failed: Error in connection establishment: net::ERR_CONNECTION_REFUSED @ http://localhost:5177/@vite/client:1034
[  642950ms] [ERROR] WebSocket connection to 'ws://localhost:5177/' failed: Error in connection establishment: net::ERR_CONNECTION_REFUSED @ http://localhost:5177/@vite/client:1034
[  649143ms] [ERROR] WebSocket connection to 'ws://localhost:5177/' failed: Error in connection establishment: net::ERR_CONNECTION_REFUSED @ http://localhost:5177/@vite/client:1034
[  655580ms] [ERROR] WebSocket connection to 'ws://localhost:5177/' failed: Error in connection establishment: net::ERR_CONNECTION_REFUSED @ http://localhost:5177/@vite/client:1034
[  660789ms] [ERROR] WebSocket connection to 'ws://localhost:5177/' failed: Error in connection establishment: net::ERR_CONNECTION_REFUSED @ http://localhost:5177/@vite/client:1034
[  667004ms] [ERROR] WebSocket connection to 'ws://localhost:5177/' failed: Error in connection establishment: net::ERR_CONNECTION_REFUSED @ http://localhost:5177/@vite/client:1034
